2024-02-11 12:01:20,876 - INFO - Session start
2024-02-11 12:01:20,876 - INFO - Session start
2024-02-11 12:01:20,876 - INFO - Session start
2024-02-11 12:01:20,876 - INFO - Session start
2024-02-11 12:01:20,876 - INFO - Session start
2024-02-11 12:01:20,876 - INFO - Session start
2024-02-11 12:02:29,664 - INFO - Fact's answ: 1-2
2024-02-11 12:02:29,668 - INFO - First rule activated
2024-02-11 12:02:35,841 - INFO - Fact's answ: 2-1
2024-02-11 12:02:36,141 - INFO - Fact's answ: 3-1
2024-02-11 12:02:36,418 - INFO - Fact's answ: 4-1
2024-02-11 12:08:02,073 - INFO - test: False
2024-02-11 12:08:02,073 - INFO - test: False
2024-02-11 12:08:02,073 - INFO - test: False
2024-02-11 12:08:02,073 - INFO - test: False
2024-02-11 12:08:02,073 - INFO - test: False
2024-02-11 12:08:02,073 - INFO - test: False
2024-02-11 12:08:02,073 - INFO - test: False
2024-02-11 12:08:02,073 - INFO - test: False
2024-02-11 12:08:02,073 - INFO - test: False
2024-02-11 12:08:02,087 - INFO - Session start
2024-02-11 12:08:02,087 - INFO - Session start
2024-02-11 12:08:02,087 - INFO - Session start
2024-02-11 12:08:02,087 - INFO - Session start
2024-02-11 12:08:02,087 - INFO - Session start
2024-02-11 12:08:02,087 - INFO - Session start
2024-02-11 12:08:02,087 - INFO - Session start
2024-02-11 12:08:02,087 - INFO - Session start
2024-02-11 12:08:02,087 - INFO - Session start
2024-02-11 12:16:55,330 - INFO - Session start
2024-02-11 12:16:55,330 - INFO - Session start
2024-02-11 12:16:55,330 - INFO - Session start
2024-02-11 12:16:55,330 - INFO - Session start
2024-02-11 12:16:55,330 - INFO - Session start
2024-02-11 12:16:55,330 - INFO - Session start
2024-02-11 12:16:55,330 - INFO - Session start
2024-02-11 12:16:55,330 - INFO - Session start
2024-02-11 12:16:55,330 - INFO - Session start
2024-02-11 12:16:55,330 - INFO - Session start
2024-02-11 12:17:13,416 - INFO - Session start
2024-02-11 12:17:13,416 - INFO - Session start
2024-02-11 12:17:13,416 - INFO - Session start
2024-02-11 12:17:13,416 - INFO - Session start
2024-02-11 12:17:13,416 - INFO - Session start
2024-02-11 12:17:13,416 - INFO - Session start
2024-02-11 12:17:13,416 - INFO - Session start
2024-02-11 12:17:13,416 - INFO - Session start
2024-02-11 12:17:13,416 - INFO - Session start
2024-02-11 12:17:13,416 - INFO - Session start
2024-02-11 12:18:07,533 - INFO - Session start
2024-02-11 12:18:07,533 - INFO - Session start
2024-02-11 12:18:07,533 - INFO - Session start
2024-02-11 12:18:07,533 - INFO - Session start
2024-02-11 12:18:07,533 - INFO - Session start
2024-02-11 12:18:07,533 - INFO - Session start
2024-02-11 12:18:07,533 - INFO - Session start
2024-02-11 12:18:07,533 - INFO - Session start
2024-02-11 12:18:07,533 - INFO - Session start
2024-02-11 12:18:07,533 - INFO - Session start
2024-02-11 12:18:09,131 - INFO - Fact's answ: 1-
2024-02-11 12:18:09,131 - INFO - Fact's answ: 1-
2024-02-11 12:18:09,131 - INFO - Fact's answ: 1-
2024-02-11 12:18:09,131 - INFO - Fact's answ: 1-
2024-02-11 12:18:09,131 - INFO - Fact's answ: 1-
2024-02-11 12:18:09,131 - INFO - Fact's answ: 1-
2024-02-11 12:18:09,131 - INFO - Fact's answ: 1-
2024-02-11 12:18:09,131 - INFO - Fact's answ: 1-
2024-02-11 12:18:09,131 - INFO - Fact's answ: 1-
2024-02-11 12:18:09,131 - INFO - Fact's answ: 1-
2024-02-11 12:18:09,770 - INFO - Fact's answ: 2-
2024-02-11 12:18:09,770 - INFO - Fact's answ: 2-
2024-02-11 12:18:09,770 - INFO - Fact's answ: 2-
2024-02-11 12:18:09,770 - INFO - Fact's answ: 2-
2024-02-11 12:18:09,770 - INFO - Fact's answ: 2-
2024-02-11 12:18:09,770 - INFO - Fact's answ: 2-
2024-02-11 12:18:09,770 - INFO - Fact's answ: 2-
2024-02-11 12:18:09,770 - INFO - Fact's answ: 2-
2024-02-11 12:18:09,770 - INFO - Fact's answ: 2-
2024-02-11 12:18:09,770 - INFO - Fact's answ: 2-
2024-02-11 12:18:10,247 - INFO - Fact's answ: 3-
2024-02-11 12:18:10,247 - INFO - Fact's answ: 3-
2024-02-11 12:18:10,247 - INFO - Fact's answ: 3-
2024-02-11 12:18:10,247 - INFO - Fact's answ: 3-
2024-02-11 12:18:10,247 - INFO - Fact's answ: 3-
2024-02-11 12:18:10,247 - INFO - Fact's answ: 3-
2024-02-11 12:18:10,247 - INFO - Fact's answ: 3-
2024-02-11 12:18:10,247 - INFO - Fact's answ: 3-
2024-02-11 12:18:10,247 - INFO - Fact's answ: 3-
2024-02-11 12:18:10,247 - INFO - Fact's answ: 3-
2024-02-11 12:18:10,546 - INFO - Fact's answ: 4-
2024-02-11 12:18:10,546 - INFO - Fact's answ: 4-
2024-02-11 12:18:10,546 - INFO - Fact's answ: 4-
2024-02-11 12:18:10,546 - INFO - Fact's answ: 4-
2024-02-11 12:18:10,546 - INFO - Fact's answ: 4-
2024-02-11 12:18:10,546 - INFO - Fact's answ: 4-
2024-02-11 12:18:10,546 - INFO - Fact's answ: 4-
2024-02-11 12:18:10,546 - INFO - Fact's answ: 4-
2024-02-11 12:18:10,546 - INFO - Fact's answ: 4-
2024-02-11 12:18:10,546 - INFO - Fact's answ: 4-
2024-02-11 12:18:20,422 - INFO - Session start
2024-02-11 12:18:20,422 - INFO - Session start
2024-02-11 12:18:20,422 - INFO - Session start
2024-02-11 12:18:20,422 - INFO - Session start
2024-02-11 12:18:20,422 - INFO - Session start
2024-02-11 12:18:20,422 - INFO - Session start
2024-02-11 12:18:20,422 - INFO - Session start
2024-02-11 12:18:20,422 - INFO - Session start
2024-02-11 12:18:20,422 - INFO - Session start
2024-02-11 12:18:20,422 - INFO - Session start
2024-02-11 12:18:20,422 - INFO - Session start
2024-02-11 12:18:21,663 - INFO - Fact's answ: 1-1
2024-02-11 12:18:21,663 - INFO - Fact's answ: 1-1
2024-02-11 12:18:21,663 - INFO - Fact's answ: 1-1
2024-02-11 12:18:21,663 - INFO - Fact's answ: 1-1
2024-02-11 12:18:21,663 - INFO - Fact's answ: 1-1
2024-02-11 12:18:21,663 - INFO - Fact's answ: 1-1
2024-02-11 12:18:21,663 - INFO - Fact's answ: 1-1
2024-02-11 12:18:21,663 - INFO - Fact's answ: 1-1
2024-02-11 12:18:21,663 - INFO - Fact's answ: 1-1
2024-02-11 12:18:21,663 - INFO - Fact's answ: 1-1
2024-02-11 12:18:21,663 - INFO - Fact's answ: 1-1
2024-02-11 12:18:22,155 - INFO - Fact's answ: 2-1
2024-02-11 12:18:22,155 - INFO - Fact's answ: 2-1
2024-02-11 12:18:22,155 - INFO - Fact's answ: 2-1
2024-02-11 12:18:22,155 - INFO - Fact's answ: 2-1
2024-02-11 12:18:22,155 - INFO - Fact's answ: 2-1
2024-02-11 12:18:22,155 - INFO - Fact's answ: 2-1
2024-02-11 12:18:22,155 - INFO - Fact's answ: 2-1
2024-02-11 12:18:22,155 - INFO - Fact's answ: 2-1
2024-02-11 12:18:22,155 - INFO - Fact's answ: 2-1
2024-02-11 12:18:22,155 - INFO - Fact's answ: 2-1
2024-02-11 12:18:22,155 - INFO - Fact's answ: 2-1
2024-02-11 12:18:22,883 - INFO - Fact's answ: 3-1
2024-02-11 12:18:22,883 - INFO - Fact's answ: 3-1
2024-02-11 12:18:22,883 - INFO - Fact's answ: 3-1
2024-02-11 12:18:22,883 - INFO - Fact's answ: 3-1
2024-02-11 12:18:22,883 - INFO - Fact's answ: 3-1
2024-02-11 12:18:22,883 - INFO - Fact's answ: 3-1
2024-02-11 12:18:22,883 - INFO - Fact's answ: 3-1
2024-02-11 12:18:22,883 - INFO - Fact's answ: 3-1
2024-02-11 12:18:22,883 - INFO - Fact's answ: 3-1
2024-02-11 12:18:22,883 - INFO - Fact's answ: 3-1
2024-02-11 12:18:22,883 - INFO - Fact's answ: 3-1
2024-02-11 12:18:23,334 - INFO - Fact's answ: 4-1
2024-02-11 12:18:23,334 - INFO - Fact's answ: 4-1
2024-02-11 12:18:23,334 - INFO - Fact's answ: 4-1
2024-02-11 12:18:23,334 - INFO - Fact's answ: 4-1
2024-02-11 12:18:23,334 - INFO - Fact's answ: 4-1
2024-02-11 12:18:23,334 - INFO - Fact's answ: 4-1
2024-02-11 12:18:23,334 - INFO - Fact's answ: 4-1
2024-02-11 12:18:23,334 - INFO - Fact's answ: 4-1
2024-02-11 12:18:23,334 - INFO - Fact's answ: 4-1
2024-02-11 12:18:23,334 - INFO - Fact's answ: 4-1
2024-02-11 12:18:23,334 - INFO - Fact's answ: 4-1
2024-02-11 12:23:16,957 - INFO - Session start
2024-02-11 12:23:16,957 - INFO - Session start
2024-02-11 12:23:16,957 - INFO - Session start
2024-02-11 12:23:16,957 - INFO - Session start
2024-02-11 12:23:16,957 - INFO - Session start
2024-02-11 12:23:16,957 - INFO - Session start
2024-02-11 12:23:16,957 - INFO - Session start
2024-02-11 12:23:16,957 - INFO - Session start
2024-02-11 12:23:16,957 - INFO - Session start
2024-02-11 12:23:16,957 - INFO - Session start
2024-02-11 12:23:16,957 - INFO - Session start
2024-02-11 12:23:16,957 - INFO - Session start
2024-02-11 12:23:19,565 - INFO - Fact's answ: 1-1
2024-02-11 12:23:19,565 - INFO - Fact's answ: 1-1
2024-02-11 12:23:19,565 - INFO - Fact's answ: 1-1
2024-02-11 12:23:19,565 - INFO - Fact's answ: 1-1
2024-02-11 12:23:19,565 - INFO - Fact's answ: 1-1
2024-02-11 12:23:19,565 - INFO - Fact's answ: 1-1
2024-02-11 12:23:19,565 - INFO - Fact's answ: 1-1
2024-02-11 12:23:19,565 - INFO - Fact's answ: 1-1
2024-02-11 12:23:19,565 - INFO - Fact's answ: 1-1
2024-02-11 12:23:19,565 - INFO - Fact's answ: 1-1
2024-02-11 12:23:19,565 - INFO - Fact's answ: 1-1
2024-02-11 12:23:19,565 - INFO - Fact's answ: 1-1
2024-02-11 12:23:19,923 - INFO - Fact's answ: 2-1
2024-02-11 12:23:19,923 - INFO - Fact's answ: 2-1
2024-02-11 12:23:19,923 - INFO - Fact's answ: 2-1
2024-02-11 12:23:19,923 - INFO - Fact's answ: 2-1
2024-02-11 12:23:19,923 - INFO - Fact's answ: 2-1
2024-02-11 12:23:19,923 - INFO - Fact's answ: 2-1
2024-02-11 12:23:19,923 - INFO - Fact's answ: 2-1
2024-02-11 12:23:19,923 - INFO - Fact's answ: 2-1
2024-02-11 12:23:19,923 - INFO - Fact's answ: 2-1
2024-02-11 12:23:19,923 - INFO - Fact's answ: 2-1
2024-02-11 12:23:19,923 - INFO - Fact's answ: 2-1
2024-02-11 12:23:19,923 - INFO - Fact's answ: 2-1
2024-02-11 12:23:20,278 - INFO - Fact's answ: 3-1
2024-02-11 12:23:20,278 - INFO - Fact's answ: 3-1
2024-02-11 12:23:20,278 - INFO - Fact's answ: 3-1
2024-02-11 12:23:20,278 - INFO - Fact's answ: 3-1
2024-02-11 12:23:20,278 - INFO - Fact's answ: 3-1
2024-02-11 12:23:20,278 - INFO - Fact's answ: 3-1
2024-02-11 12:23:20,278 - INFO - Fact's answ: 3-1
2024-02-11 12:23:20,278 - INFO - Fact's answ: 3-1
2024-02-11 12:23:20,278 - INFO - Fact's answ: 3-1
2024-02-11 12:23:20,278 - INFO - Fact's answ: 3-1
2024-02-11 12:23:20,278 - INFO - Fact's answ: 3-1
2024-02-11 12:23:20,278 - INFO - Fact's answ: 3-1
2024-02-11 12:23:20,610 - INFO - Fact's answ: 4-1
2024-02-11 12:23:20,610 - INFO - Fact's answ: 4-1
2024-02-11 12:23:20,610 - INFO - Fact's answ: 4-1
2024-02-11 12:23:20,610 - INFO - Fact's answ: 4-1
2024-02-11 12:23:20,610 - INFO - Fact's answ: 4-1
2024-02-11 12:23:20,610 - INFO - Fact's answ: 4-1
2024-02-11 12:23:20,610 - INFO - Fact's answ: 4-1
2024-02-11 12:23:20,610 - INFO - Fact's answ: 4-1
2024-02-11 12:23:20,610 - INFO - Fact's answ: 4-1
2024-02-11 12:23:20,610 - INFO - Fact's answ: 4-1
2024-02-11 12:23:20,610 - INFO - Fact's answ: 4-1
2024-02-11 12:23:20,610 - INFO - Fact's answ: 4-1
